[debug] [2021-10-10T20:17:32.426Z] ----------------------------------------------------------------------
[debug] [2021-10-10T20:17:32.429Z] Command:       /usr/local/bin/node /usr/local/bin/firebase init
[debug] [2021-10-10T20:17:32.429Z] CLI Version:   9.20.0
[debug] [2021-10-10T20:17:32.429Z] Platform:      linux
[debug] [2021-10-10T20:17:32.429Z] Node Version:  v16.2.0
[debug] [2021-10-10T20:17:32.430Z] Time:          Sun Oct 10 2021 23:17:32 GMT+0300 (East Africa Time)
[debug] [2021-10-10T20:17:32.430Z] ----------------------------------------------------------------------
[debug] 
[debug] [2021-10-10T20:17:32.485Z] > command requires scopes: ["email","openid","https://www.googleapis.com/auth/cloudplatformprojects.readonly","https://www.googleapis.com/auth/firebase","https://www.googleapis.com/auth/cloud-platform"]
[debug] [2021-10-10T20:17:32.485Z] > authorizing via signed-in user (coramayunus@gmail.com)
[info] 
     ######## #### ########  ######## ########     ###     ######  ########
     ##        ##  ##     ## ##       ##     ##  ##   ##  ##       ##
     ######    ##  ########  ######   ########  #########  ######  ######
     ##        ##  ##    ##  ##       ##     ## ##     ##       ## ##
     ##       #### ##     ## ######## ########  ##     ##  ######  ########

You're about to initialize a Firebase project in this directory:

  /home/corama/Documents/finance-frontend

Before we get started, keep in mind:

  * You are initializing within an existing Firebase project directory

[info] 
=== Project Setup
[info] 
[info] First, let's associate this project directory with a Firebase project.
[info] You can create multiple project aliases by running firebase use --add, 
[info] but for now we'll just set up a default project.
[info] 
[info] i  .firebaserc already has a default project, using finance-africa. 
[debug] [2021-10-10T20:17:45.970Z] >>> [apiv2][query] GET https://firebase.googleapis.com/v1beta1/projects/finance-africa [none]
[debug] [2021-10-10T20:17:47.728Z] <<< [apiv2][status] GET https://firebase.googleapis.com/v1beta1/projects/finance-africa 200
[debug] [2021-10-10T20:17:47.729Z] <<< [apiv2][body] GET https://firebase.googleapis.com/v1beta1/projects/finance-africa {"projectId":"finance-africa","projectNumber":"10926236720","displayName":"finance-africa","name":"projects/finance-africa","resources":{"hostingSite":"finance-africa"},"state":"ACTIVE"}
[info] 
=== Hosting:github Setup
[info] 
[info] i  Detected a .git folder at /home/corama/Documents/finance-frontend 
[info] i  Authorizing with GitHub to upload your service account to a GitHub repository's secrets store. 
[info] 
[info] Visit this URL on this device to log in:
[info] https://github.com/login/oauth/authorize?client_id=89cf50f02ac6aaed3484&state=95323614&redirect_uri=http%3A%2F%2Flocalhost%3A9005&scope=read%3Auser%20repo%20public_repo
[info] 
[info] Waiting for authentication...
[debug] [2021-10-10T20:18:05.030Z] >>> HTTP REQUEST POST https://github.com/login/oauth/access_token  
 {"client_id":"89cf50f02ac6aaed3484","client_secret":"3330d14abc895d9a74d5f17cd7a00711fa2c5bf0","code":"6665b261e75099252976","redirect_uri":"http://localhost:9005","state":"95323614"}
[debug] [2021-10-10T20:18:05.996Z] <<< HTTP RESPONSE 200 {"server":"GitHub.com","date":"Sun, 10 Oct 2021 20:18:05 GMT","content-type":"application/json; charset=utf-8","transfer-encoding":"chunked","vary":"X-PJAX, X-PJAX-Container, Accept-Encoding, Accept, X-Requested-With","permissions-policy":"interest-cohort=()","etag":"W/\"a4cddefab166a9f546ce3bdc3bfe5407\"","cache-control":"max-age=0, private, must-revalidate","strict-transport-security":"max-age=31536000; includeSubdomains; preload","x-frame-options":"deny","x-content-type-options":"nosniff","x-xss-protection":"0","referrer-policy":"origin-when-cross-origin, strict-origin-when-cross-origin","expect-ct":"max-age=2592000, report-uri=\"https://api.github.com/_private/browser/errors\"","content-security-policy":"default-src 'none'; base-uri 'self'; block-all-mixed-content; child-src github.com/assets-cdn/worker/ gist.github.com/assets-cdn/worker/; connect-src 'self' uploads.github.com objects-origin.githubusercontent.com www.githubstatus.com collector.githubapp.com api.github.com github-cloud.s3.amazonaws.com github-production-repository-file-5c1aeb.s3.amazonaws.com github-production-upload-manifest-file-7fdce7.s3.amazonaws.com github-production-user-asset-6210df.s3.amazonaws.com cdn.optimizely.com logx.optimizely.com/v1/events translator.github.com wss://alive.github.com; font-src github.githubassets.com; form-action 'self' github.com gist.github.com objects-origin.githubusercontent.com; frame-ancestors 'none'; frame-src render.githubusercontent.com viewscreen.githubusercontent.com viewscreen-lab.githubusercontent.com; img-src 'self' data: github.githubassets.com identicons.github.com collector.githubapp.com github-cloud.s3.amazonaws.com secured-user-images.githubusercontent.com/ *.githubusercontent.com; manifest-src 'self'; media-src github.com user-images.githubusercontent.com/; script-src github.githubassets.com; style-src 'unsafe-inline' github.githubassets.com; worker-src github.com/assets-cdn/worker/ gist.github.com/assets-cdn/worker/ github.com/socket-worker-0af8a29d.js gist.github.com/socket-worker-0af8a29d.js","x-github-request-id":"5B07:C3E6:2AFE101:2CF8B02:61634A7D"}
[debug] [2021-10-10T20:18:06.041Z] >>> [apiv2][query] GET https://api.github.com/user [none]
[debug] [2021-10-10T20:18:06.966Z] <<< [apiv2][status] GET https://api.github.com/user 200
[debug] [2021-10-10T20:18:06.967Z] <<< [apiv2][body] GET https://api.github.com/user {"login":"co-rama","id":42348486,"node_id":"MDQ6VXNlcjQyMzQ4NDg2","avatar_url":"https://avatars.githubusercontent.com/u/42348486?v=4","gravatar_id":"","url":"https://api.github.com/users/co-rama","html_url":"https://github.com/co-rama","followers_url":"https://api.github.com/users/co-rama/followers","following_url":"https://api.github.com/users/co-rama/following{/other_user}","gists_url":"https://api.github.com/users/co-rama/gists{/gist_id}","starred_url":"https://api.github.com/users/co-rama/starred{/owner}{/repo}","subscriptions_url":"https://api.github.com/users/co-rama/subscriptions","organizations_url":"https://api.github.com/users/co-rama/orgs","repos_url":"https://api.github.com/users/co-rama/repos","events_url":"https://api.github.com/users/co-rama/events{/privacy}","received_events_url":"https://api.github.com/users/co-rama/received_events","type":"User","site_admin":false,"name":"Corama Yunus","company":null,"blog":"www.corama.com","location":"Dar es salam","email":"coramayunus@gmail.com","hireable":true,"bio":"Software Engineer","twitter_username":"coramayunus","public_repos":14,"public_gists":0,"followers":17,"following":11,"created_at":"2018-08-13T14:15:08Z","updated_at":"2021-10-05T10:53:52Z","private_gists":0,"total_private_repos":1,"owned_private_repos":1,"disk_usage":25210,"collaborators":0,"two_factor_authentication":false,"plan":{"name":"free","space":976562499,"collaborators":0,"private_repos":10000}}
[info] 
[info] ✔  Success! Logged into GitHub as co-rama 
[info] 
